<?xml version="1.0" encoding="UTF-8"?>
<!-- Generated by org.testng.reporters.JUnitReportReporter -->
<testsuite skipped="0" hostname="TOSHIBA" name="seleniumClasses.DragAndDrop2" tests="1" failures="0" timestamp="06 May 2018 02:31:40 GMT" time="5.311" errors="0">
  <testcase name="DragnDrop" time="5.311" classname="seleniumClasses.DragAndDrop2"/>
</testsuite> <!-- seleniumClasses.DragAndDrop2 -->
