<?xml version="1.0" encoding="UTF-8"?>
<!-- Generated by org.testng.reporters.JUnitReportReporter -->
<testsuite skipped="0" hostname="TOSHIBA" name="seleniumClasses.DragAndDrop" tests="1" failures="0" timestamp="06 May 2018 02:29:14 GMT" time="4.325" errors="0">
  <testcase name="DragnDrop" time="4.325" classname="seleniumClasses.DragAndDrop"/>
</testsuite> <!-- seleniumClasses.DragAndDrop -->
