<?xml version="1.0" encoding="UTF-8"?>
<!-- Generated by org.testng.reporters.JUnitReportReporter -->
<testsuite skipped="0" hostname="TOSHIBA" name="simpleExamples.sampletest" tests="5" failures="0" timestamp="26 May 2018 22:05:28 GMT" time="57.632" errors="0">
  <testcase name="f" time="10.832" classname="simpleExamples.sampletest"/>
  <testcase name="f" time="12.349" classname="simpleExamples.sampletest"/>
  <testcase name="f" time="10.851" classname="simpleExamples.sampletest"/>
  <testcase name="f" time="12.550" classname="simpleExamples.sampletest"/>
  <testcase name="f" time="11.050" classname="simpleExamples.sampletest"/>
</testsuite> <!-- simpleExamples.sampletest -->
