<?xml version="1.0" encoding="UTF-8"?>
<!-- Generated by org.testng.reporters.JUnitReportReporter -->
<testsuite skipped="0" hostname="TOSHIBA" name="testingFramework.NewTest" tests="2" failures="0" timestamp="07 Apr 2018 22:38:47 GMT" time="61.955" errors="0">
  <testcase name="LogintestWithCorrectCredentials" time="58.556" classname="testingFramework.NewTest"/>
  <testcase name="LogintestWithCorrectCredentials" time="3.399" classname="testingFramework.NewTest"/>
</testsuite> <!-- testingFramework.NewTest -->
