<?xml version="1.0" encoding="UTF-8"?>
<!-- Generated by org.testng.reporters.JUnitReportReporter -->
<testsuite skipped="0" hostname="TOSHIBA" name="testNGexamples.ManageAlertsTestNG" tests="2" failures="0" timestamp="06 May 2018 18:51:54 GMT" time="4.579" errors="0">
  <testcase name="checkPromptWithDismiss" time="1.576" classname="testNGexamples.ManageAlertsTestNG"/>
  <testcase name="checkPromptWithAccept" time="3.003" classname="testNGexamples.ManageAlertsTestNG"/>
</testsuite> <!-- testNGexamples.ManageAlertsTestNG -->
