<?xml version="1.0" encoding="UTF-8"?>
<!-- Generated by org.testng.reporters.JUnitReportReporter -->
<testsuite skipped="0" hostname="TOSHIBA" name="testingFramework.JSClickExample" tests="1" failures="0" timestamp="24 Mar 2018 14:09:26 GMT" time="10.302" errors="0">
  <testcase name="testClickJS" time="10.302" classname="testingFramework.JSClickExample"/>
</testsuite> <!-- testingFramework.JSClickExample -->
