<?xml version="1.0" encoding="UTF-8"?>
<!-- Generated by org.testng.reporters.JUnitReportReporter -->
<testsuite skipped="0" hostname="TOSHIBA" name="testingFramework.NewTest" tests="2" failures="0" timestamp="24 Mar 2018 01:52:07 GMT" time="11.410" errors="0">
  <testcase name="LogintestWithCorrectCredentials" time="3.582" classname="testingFramework.NewTest"/>
  <testcase name="LogintestWithCorrectCredentials" time="7.828" classname="testingFramework.NewTest"/>
</testsuite> <!-- testingFramework.NewTest -->
