<?xml version="1.0" encoding="UTF-8"?>
<!-- Generated by org.testng.reporters.JUnitReportReporter -->
<testsuite skipped="1" hostname="TOSHIBA" name="testNGexamples.TestNGexample01" tests="3" failures="0" timestamp="25 Apr 2018 00:43:40 GMT" time="0.085" errors="0">
  <testcase name="test1" time="0.074" classname="testNGexamples.TestNGexample01"/>
  <testcase name="test2" time="0.011" classname="testNGexamples.TestNGexample01"/>
  <testcase name="test3" classname="testNGexamples.TestNGexample01">
    <skipped/>
  </testcase> <!-- test3 -->
</testsuite> <!-- testNGexamples.TestNGexample01 -->
