<?xml version="1.0" encoding="UTF-8"?>
<!-- Generated by org.testng.reporters.JUnitReportReporter -->
<testsuite skipped="0" hostname="TOSHIBA" name="testNGexamples.ManageAlertsTestNG" tests="2" failures="0" timestamp="09 Jul 2018 15:17:12 GMT" time="1.121" errors="0">
  <testcase name="checkPromptWithDismiss" time="0.492" classname="testNGexamples.ManageAlertsTestNG"/>
  <testcase name="checkPromptWithAccept" time="0.629" classname="testNGexamples.ManageAlertsTestNG"/>
</testsuite> <!-- testNGexamples.ManageAlertsTestNG -->
