<?xml version="1.0" encoding="UTF-8"?>
<!-- Generated by org.testng.reporters.JUnitReportReporter -->
<testsuite skipped="0" hostname="TOSHIBA" name="testingFramework.ManageAlertsTestNG" tests="2" failures="0" timestamp="07 Apr 2018 22:32:48 GMT" time="1.169" errors="0">
  <testcase name="checkPromptWithDismiss" time="0.457" classname="testingFramework.ManageAlertsTestNG"/>
  <testcase name="checkPromptWithAccept" time="0.712" classname="testingFramework.ManageAlertsTestNG"/>
</testsuite> <!-- testingFramework.ManageAlertsTestNG -->
