<?xml version="1.0" encoding="UTF-8"?>
<!-- Generated by org.testng.reporters.JUnitReportReporter -->
<testsuite hostname="TOSHIBA" name="seleniumCommands.ManageAlerts" tests="2" failures="0" timestamp="16 Feb 2018 23:53:30 GMT" time="1.398" errors="0">
  <testcase name="checkPromptWithAccept" time="0.491" classname="seleniumCommands.ManageAlerts"/>
  <testcase name="checkPromptWithDismiss" time="0.907" classname="seleniumCommands.ManageAlerts"/>
</testsuite> <!-- seleniumCommands.ManageAlerts -->
