<?xml version="1.0" encoding="UTF-8"?>
<!-- Generated by org.testng.reporters.JUnitReportReporter -->
<testsuite skipped="0" hostname="TOSHIBA" name="testNGexamples.FirstExample" tests="2" failures="0" timestamp="25 Apr 2018 00:53:08 GMT" time="0.048" errors="0">
  <testcase name="TestTwo" time="0.005" classname="testNGexamples.FirstExample"/>
  <testcase name="TestOne" time="0.043" classname="testNGexamples.FirstExample"/>
</testsuite> <!-- testNGexamples.FirstExample -->
