<?xml version="1.0" encoding="UTF-8"?>
<!-- Generated by org.testng.reporters.JUnitReportReporter -->
<testsuite hostname="TOSHIBA" name="seleniumCommands.ManageAlerts" tests="2" failures="0" timestamp="16 Mar 2018 17:16:25 GMT" time="1.136" errors="0">
  <testcase name="checkPromptWithDismiss" time="0.646" classname="seleniumCommands.ManageAlerts"/>
  <testcase name="checkPromptWithAccept" time="0.490" classname="seleniumCommands.ManageAlerts"/>
</testsuite> <!-- seleniumCommands.ManageAlerts -->
