<?xml version="1.0" encoding="UTF-8"?>
<!-- Generated by org.testng.reporters.JUnitReportReporter -->
<testsuite skipped="0" hostname="TOSHIBA" name="testNGexamples.FirstExample" tests="2" failures="0" timestamp="24 Apr 2018 19:29:37 GMT" time="0.014" errors="0">
  <testcase name="TestTwo" time="0.001" classname="testNGexamples.FirstExample"/>
  <testcase name="TestOne" time="0.013" classname="testNGexamples.FirstExample"/>
</testsuite> <!-- testNGexamples.FirstExample -->
