<?xml version="1.0" encoding="UTF-8"?>
<!-- Generated by org.testng.reporters.JUnitReportReporter -->
<testsuite hostname="TOSHIBA" name="testingFramework.NewTest" tests="2" failures="0" timestamp="3 Mar 2018 02:44:40 GMT" time="69.613" errors="0">
  <testcase name="LogintestWithCorrectCredentials" time="65.847" classname="testingFramework.NewTest"/>
  <testcase name="LogintestWithCorrectCredentials" time="3.766" classname="testingFramework.NewTest"/>
</testsuite> <!-- testingFramework.NewTest -->
