<?xml version="1.0" encoding="UTF-8"?>
<!-- Generated by org.testng.reporters.JUnitReportReporter -->
<testsuite skipped="0" hostname="TOSHIBA" name="testingFramework.ManageAlertsTestNG" tests="2" failures="0" timestamp="25 Mar 2018 03:29:38 GMT" time="1.424" errors="0">
  <testcase name="checkPromptWithDismiss" time="0.509" classname="testingFramework.ManageAlertsTestNG"/>
  <testcase name="checkPromptWithAccept" time="0.915" classname="testingFramework.ManageAlertsTestNG"/>
</testsuite> <!-- testingFramework.ManageAlertsTestNG -->
